<?xml version="1.0" encoding="UTF-8"?>
<!-- Generated by org.testng.reporters.JUnitReportReporter -->
<testsuite hostname="macbook-pro-de-jamel.home" failures="0" tests="1" name="smokeTest" time="0.160" errors="0" timestamp="2021-05-06T01:10:27 CEST" skipped="0">
  <testcase classname="smokeTest" name="Login" time="0.160"/>
  <system-out/>
</testsuite> <!-- smokeTest -->
